../example1.out ex1.dat 

-- incidnt field data --
filename                 : ifd.txt
planewave amplitude E0   :      1+      0I
wavelength in vacuum     :               1
refractive index         :               1
incident angle     [rad] :               0
-- medium data --
medium data file name                  : medium_data.txt
medium (domain) id  1 refractive index :     1.6 +        0I
medium (domain) id  2 refractive index :    0.05 +        4I
-- mesh data --
mesh data file name        : circle_h2_1.msh
numnber of nodes           :      831
number of defined elements :      832

Total electromagnetic field at r=(  0.3, 0 )
type=0 setting ( 3 point Gauss-Legendre )
Ez = -5.26876761736343e-02 -3.85897263183132e-01 I 
Hx = -1.57991551281220e+00 +2.69976374606124e-01 I 
Hy =  3.82115977086360e-01 +1.45902428547008e-01 I 
type=1 setting ( 7 point Gauss-Kronrod )
Ez = -5.31708010447533e-02 -3.88720162174216e-01 I 
Hx = -1.59148278938242e+00 +2.72316064827337e-01 I 
Hy =  3.84986501086257e-01 +1.46916457951255e-01 I 

Radiation force and torque
type=0 ( 3 point Gauss-Legendre ) 
(Fx,Fy) = ( 5.33146039684141e-01, 2.48419124060377e-01)
   Nz   =  -8.87821628947490e-02, center of rotation ( 0, 0)
type=1 ( 7 point Gauss-Kronrod ) 
(Fx,Fy) = ( 5.33145415056651e-01, 2.48420216995454e-01)
   Nz   =  -8.87823035647014e-02, center of rotation ( 0, 0)
